Arguments: 
  C:\Program Files\nodejs\node.exe C:\Program Files (x86)\Yarn\bin\yarn.js add @material-ui/core classnames react-icons

PATH: 
  C:\WINDOWS\system32;C:\WINDOWS;C:\WINDOWS\System32\Wbem;C:\WINDOWS\System32\WindowsPowerShell\v1.0\;C:\WINDOWS\System32\OpenSSH\;C:\Program Files (x86)\Yarn\bin\;C:\Program Files\nodejs\;C:\Program Files\Git\cmd;C:\Users\JuanB\AppData\Local\Programs\Python\Python38-32\Scripts\;C:\Users\JuanB\AppData\Local\Programs\Python\Python38-32\;C:\Users\JuanB\AppData\Local\Microsoft\WindowsApps;C:\Users\JuanB\AppData\Local\Programs\Microsoft VS Code\bin;C:\Users\JuanB\AppData\Local\Yarn\bin;C:\Users\JuanB\AppData\Roaming\npm;

Yarn version: 
  1.22.4

Node version: 
  10.22.0

Platform: 
  win32 x64

Trace: 
  Error: connect EHOSTUNREACH 104.16.21.35:443
      at TCPConnectWrap.afterConnect [as oncomplete] (net.js:1107:14)

npm manifest: 
  {
    "name": "react-webpack-config",
    "version": "1.0.0",
    "description": "Configuración de webpack para react",
    "main": "index.js",
    "scripts": {
      "start": "webpack-dev-server -d",
      "build": "webpack -p"
    },
    "author": "Juan Carlos Barrios Sánchez",
    "license": "ISC",
    "devDependencies": {
      "@babel/cli": "^7.7.0",
      "@babel/core": "^7.7.2",
      "@babel/preset-env": "^7.7.1",
      "@babel/preset-react": "^7.7.0",
      "babel-loader": "^8.0.6",
      "css-loader": "^3.2.0",
      "favicons-webpack-plugin": "^1.0.2",
      "file-loader": "^4.2.0",
      "html-loader": "^0.5.5",
      "html-webpack-plugin": "^3.2.0",
      "image-webpack-loader": "^6.0.0",
      "node-sass": "^4.13.0",
      "sass-loader": "^8.0.0",
      "style-loader": "^1.0.0",
      "webpack": "^4.41.2",
      "webpack-cli": "^3.3.10",
      "webpack-dev-server": "^3.9.0"
    },
    "dependencies": {
      "react": "^16.11.0",
      "react-dom": "^16.11.0",
      "react-router-dom": "^5.1.2"
    }
  }

yarn manifest: 
  No manifest

Lockfile: 
  No lockfile
